<?xml version="1.0" encoding="UTF-8"?>
<!-- Generated by org.testng.reporters.JUnitXMLReporter -->
<testsuite ignored="0" hostname="DESKTOP-0RE88GF" failures="0" tests="4" name="Verify Login Title" time="12.988" errors="0" timestamp="03 Mar 2020 05:53:05 GMT">
  <testcase classname="org.selenium.onlineStore.Login" name="VerifyTitle" time="2.939"/>
  <testcase classname="org.selenium.onlineStore.Login" name="LogIn" time="3.201"/>
  <testcase classname="org.selenium.onlineStore.Login" name="DefaultTab" time="1.905"/>
  <testcase classname="org.selenium.onlineStore.Login" name="DefaultLabel" time="0.133"/>
</testsuite> <!-- Verify Login Title -->
