<?xml version="1.0" encoding="UTF-8"?>
<!-- Generated by org.testng.reporters.JUnitXMLReporter -->
<testsuite ignored="0" hostname="DESKTOP-0RE88GF" failures="0" tests="4" name="Verify Page Title" time="11.83" errors="0" timestamp="03 Mar 2020 05:53:16 GMT">
  <testcase classname="org.selenium.onlineStore.Login" name="VerifyTitle" time="2.89"/>
  <testcase classname="org.selenium.onlineStore.Login" name="LogIn" time="2.821"/>
  <testcase classname="org.selenium.onlineStore.Login" name="DefaultTab" time="1.946"/>
  <testcase classname="org.selenium.onlineStore.Login" name="DefaultLabel" time="0.107"/>
</testsuite> <!-- Verify Page Title -->
