<?xml version="1.0" encoding="UTF-8"?>
<!-- Generated by org.testng.reporters.JUnitXMLReporter -->
<testsuite ignored="0" hostname="DESKTOP-0RE88GF" failures="0" tests="4" name="Verify the default tab" time="12.021" errors="0" timestamp="03 Mar 2020 05:53:42 GMT">
  <testcase classname="org.selenium.onlineStore.Login" name="VerifyTitle" time="2.887"/>
  <testcase classname="org.selenium.onlineStore.Login" name="LogIn" time="3.131"/>
  <testcase classname="org.selenium.onlineStore.Login" name="DefaultTab" time="1.765"/>
  <testcase classname="org.selenium.onlineStore.Login" name="DefaultLabel" time="0.081"/>
</testsuite> <!-- Verify the default tab -->
