<?xml version="1.0" encoding="UTF-8"?>
<!-- Generated by org.testng.reporters.JUnitXMLReporter -->
<testsuite ignored="0" hostname="DESKTOP-0RE88GF" failures="0" tests="4" name="Verify the place holder" time="13.251" errors="0" timestamp="03 Mar 2020 05:53:30 GMT">
  <testcase classname="org.selenium.onlineStore.Login" name="VerifyTitle" time="3.051"/>
  <testcase classname="org.selenium.onlineStore.Login" name="LogIn" time="3.945"/>
  <testcase classname="org.selenium.onlineStore.Login" name="DefaultTab" time="2.04"/>
  <testcase classname="org.selenium.onlineStore.Login" name="DefaultLabel" time="0.091"/>
</testsuite> <!-- Verify the place holder -->
