<?xml version="1.0" encoding="UTF-8"?>
<!-- Generated by org.testng.reporters.JUnitXMLReporter -->
<testsuite ignored="0" hostname="DESKTOP-0RE88GF" failures="0" tests="3" name="sales_bill_shortcutkeys" time="9.58" errors="0" timestamp="02 Jul 2018 14:00:00 GMT">
  <testcase classname="org.selenium.onlineStore.Login" name="VerifyTitle" time="1.993"/>
  <testcase classname="org.selenium.onlineStore.Login" name="LogIn" time="2.339"/>
  <testcase classname="org.selenium.onlineStore.Login" name="DefaultTab" time="1.898"/>
</testsuite> <!-- sales_bill_shortcutkeys -->
